Started GET "/" for ::1 at 2023-07-07 19:47:31 -0300
  [1m[36mActiveRecord::SchemaMigration Pluck (0.1ms)[0m  [1m[34mSELECT "schema_migrations"."version" FROM "schema_migrations" ORDER BY "schema_migrations"."version" ASC[0m
Processing by PagesController#home as HTML
  Rendering layout layouts/application.html.erb
  Rendering pages/home.html.erb within layouts/application
  Rendered pages/home.html.erb within layouts/application (Duration: 1.4ms | Allocations: 731)
  Rendered layout layouts/application.html.erb (Duration: 475.7ms | Allocations: 44729)
Completed 200 OK in 487ms (Views: 479.0ms | ActiveRecord: 0.0ms | Allocations: 50816)


Started GET "/trips" for ::1 at 2023-07-07 19:48:06 -0300
Processing by TripsController#index as HTML
  Rendering layout layouts/application.html.erb
  Rendering trips/index.html.erb within layouts/application
  [1m[36mTrip Load (0.6ms)[0m  [1m[34mSELECT "trips".* FROM "trips"[0m
  ↳ app/views/trips/index.html.erb:100
  Rendered trips/index.html.erb within layouts/application (Duration: 393.2ms | Allocations: 384621)
  Rendered layout layouts/application.html.erb (Duration: 400.4ms | Allocations: 389831)
Completed 200 OK in 471ms (Views: 400.5ms | ActiveRecord: 1.4ms | Allocations: 394850)


Started GET "/trips" for ::1 at 2023-07-07 19:49:13 -0300
Processing by TripsController#index as HTML
  Rendering layout layouts/application.html.erb
  Rendering trips/index.html.erb within layouts/application
  [1m[36mTrip Load (0.5ms)[0m  [1m[34mSELECT "trips".* FROM "trips"[0m
  ↳ app/views/trips/index.html.erb:101
  Rendered trips/index.html.erb within layouts/application (Duration: 24.8ms | Allocations: 17579)
  Rendered layout layouts/application.html.erb (Duration: 33.1ms | Allocations: 22913)
Completed 200 OK in 37ms (Views: 35.0ms | ActiveRecord: 0.5ms | Allocations: 24189)


Started GET "/" for ::1 at 2023-07-07 19:49:30 -0300
Processing by PagesController#home as HTML
  Rendering layout layouts/application.html.erb
  Rendering pages/home.html.erb within layouts/application
  Rendered pages/home.html.erb within layouts/application (Duration: 0.7ms | Allocations: 373)
  Rendered layout layouts/application.html.erb (Duration: 8.6ms | Allocations: 5718)
Completed 200 OK in 11ms (Views: 10.1ms | ActiveRecord: 0.0ms | Allocations: 6665)


Started GET "/trips" for ::1 at 2023-07-07 19:49:38 -0300
Processing by TripsController#index as HTML
  Rendering layout layouts/application.html.erb
  Rendering trips/index.html.erb within layouts/application
  [1m[36mTrip Load (0.5ms)[0m  [1m[34mSELECT "trips".* FROM "trips"[0m
  ↳ app/views/trips/index.html.erb:101
  Rendered trips/index.html.erb within layouts/application (Duration: 22.5ms | Allocations: 16418)
  Rendered layout layouts/application.html.erb (Duration: 29.6ms | Allocations: 21323)
Completed 200 OK in 31ms (Views: 29.7ms | ActiveRecord: 0.5ms | Allocations: 21755)


Started GET "/trips" for ::1 at 2023-07-07 19:50:15 -0300
Processing by TripsController#index as HTML
  Rendering layout layouts/application.html.erb
  Rendering trips/index.html.erb within layouts/application
  [1m[36mTrip Load (0.6ms)[0m  [1m[34mSELECT "trips".* FROM "trips"[0m
  ↳ app/views/trips/index.html.erb:101
  Rendered trips/index.html.erb within layouts/application (Duration: 23.7ms | Allocations: 16251)
  Rendered layout layouts/application.html.erb (Duration: 32.3ms | Allocations: 21162)
Completed 200 OK in 34ms (Views: 32.3ms | ActiveRecord: 0.6ms | Allocations: 21552)


Started GET "/" for ::1 at 2023-07-07 19:55:52 -0300
Processing by PagesController#home as HTML
  Rendering layout layouts/application.html.erb
  Rendering pages/home.html.erb within layouts/application
  Rendered pages/home.html.erb within layouts/application (Duration: 0.6ms | Allocations: 264)
  Rendered layout layouts/application.html.erb (Duration: 8.4ms | Allocations: 5869)
Completed 200 OK in 16ms (Views: 15.7ms | Allocations: 6997)


Started GET "/" for ::1 at 2023-07-07 19:57:20 -0300
Processing by PagesController#home as HTML
  Rendering layout layouts/application.html.erb
  Rendering pages/home.html.erb within layouts/application
  Rendered pages/home.html.erb within layouts/application (Duration: 0.5ms | Allocations: 262)
  Rendered layout layouts/application.html.erb (Duration: 8.8ms | Allocations: 5857)
Completed 200 OK in 11ms (Views: 10.5ms | Allocations: 6986)


Started GET "/trips" for ::1 at 2023-07-07 19:57:21 -0300
Processing by TripsController#index as HTML
  Rendering layout layouts/application.html.erb
  Rendering trips/index.html.erb within layouts/application
  [1m[36mTrip Load (0.6ms)[0m  [1m[34mSELECT "trips".* FROM "trips"[0m
  ↳ app/views/trips/index.html.erb:123
  Rendered trips/index.html.erb within layouts/application (Duration: 25.6ms | Allocations: 17689)
  Rendered layout layouts/application.html.erb (Duration: 33.1ms | Allocations: 22799)
Completed 200 OK in 36ms (Views: 33.9ms | ActiveRecord: 1.0ms | Allocations: 24045)


Started GET "/trips" for ::1 at 2023-07-07 19:57:38 -0300
Processing by TripsController#index as HTML
  Rendering layout layouts/application.html.erb
  Rendering trips/index.html.erb within layouts/application
  [1m[36mTrip Load (0.5ms)[0m  [1m[34mSELECT "trips".* FROM "trips"[0m
  ↳ app/views/trips/index.html.erb:101
  Rendered trips/index.html.erb within layouts/application (Duration: 27.3ms | Allocations: 17568)
  Rendered layout layouts/application.html.erb (Duration: 35.4ms | Allocations: 22902)
Completed 200 OK in 38ms (Views: 36.4ms | ActiveRecord: 0.5ms | Allocations: 24168)


Started GET "/trips" for ::1 at 2023-07-07 19:58:34 -0300
Processing by TripsController#index as HTML
  Rendering layout layouts/application.html.erb
  Rendering trips/index.html.erb within layouts/application
  [1m[36mTrip Load (0.7ms)[0m  [1m[34mSELECT "trips".* FROM "trips"[0m
  ↳ app/views/trips/index.html.erb:107
  Rendered trips/index.html.erb within layouts/application (Duration: 29.3ms | Allocations: 17581)
  Rendered layout layouts/application.html.erb (Duration: 36.9ms | Allocations: 22915)
Completed 200 OK in 42ms (Views: 39.7ms | ActiveRecord: 0.7ms | Allocations: 24163)


Started GET "/" for ::1 at 2023-07-07 19:58:41 -0300
Processing by PagesController#home as HTML
  Rendering layout layouts/application.html.erb
  Rendering pages/home.html.erb within layouts/application
  Rendered pages/home.html.erb within layouts/application (Duration: 0.8ms | Allocations: 261)
  Rendered layout layouts/application.html.erb (Duration: 11.3ms | Allocations: 5627)
Completed 200 OK in 14ms (Views: 13.3ms | ActiveRecord: 0.0ms | Allocations: 6565)


Started GET "/trips" for ::1 at 2023-07-07 19:59:12 -0300
Processing by TripsController#index as HTML
  Rendering layout layouts/application.html.erb
  Rendering trips/index.html.erb within layouts/application
  [1m[36mTrip Load (0.5ms)[0m  [1m[34mSELECT "trips".* FROM "trips"[0m
  ↳ app/views/trips/index.html.erb:102
  Rendered trips/index.html.erb within layouts/application (Duration: 25.3ms | Allocations: 17561)
  Rendered layout layouts/application.html.erb (Duration: 43.3ms | Allocations: 22895)
Completed 200 OK in 52ms (Views: 50.2ms | ActiveRecord: 0.5ms | Allocations: 24163)


Started GET "/trips" for ::1 at 2023-07-07 20:01:16 -0300
Processing by TripsController#index as HTML
  Rendering layout layouts/application.html.erb
  Rendering trips/index.html.erb within layouts/application
  [1m[36mTrip Load (0.6ms)[0m  [1m[34mSELECT "trips".* FROM "trips"[0m
  ↳ app/views/trips/index.html.erb:99
  Rendered trips/index.html.erb within layouts/application (Duration: 25.2ms | Allocations: 17548)
  Rendered layout layouts/application.html.erb (Duration: 33.5ms | Allocations: 22882)
Completed 200 OK in 36ms (Views: 34.4ms | ActiveRecord: 0.6ms | Allocations: 24152)


Started GET "/trips" for ::1 at 2023-07-07 20:01:42 -0300
Processing by TripsController#index as HTML
  Rendering layout layouts/application.html.erb
  Rendering trips/index.html.erb within layouts/application
  [1m[36mTrip Load (0.7ms)[0m  [1m[34mSELECT "trips".* FROM "trips"[0m
  ↳ app/views/trips/index.html.erb:39
  Rendered trips/index.html.erb within layouts/application (Duration: 24.1ms | Allocations: 15046)
  Rendered layout layouts/application.html.erb (Duration: 32.1ms | Allocations: 20380)
Completed 200 OK in 35ms (Views: 32.9ms | ActiveRecord: 0.7ms | Allocations: 21628)


Started GET "/trips" for ::1 at 2023-07-07 20:02:04 -0300
Processing by TripsController#index as HTML
  Rendering layout layouts/application.html.erb
  Rendering trips/index.html.erb within layouts/application
  [1m[36mTrip Load (0.5ms)[0m  [1m[34mSELECT "trips".* FROM "trips"[0m
  ↳ app/views/trips/index.html.erb:100
  Rendered trips/index.html.erb within layouts/application (Duration: 24.5ms | Allocations: 17547)
  Rendered layout layouts/application.html.erb (Duration: 32.0ms | Allocations: 22881)
Completed 200 OK in 35ms (Views: 33.0ms | ActiveRecord: 0.5ms | Allocations: 24129)


Started GET "/" for ::1 at 2023-07-07 20:02:07 -0300
Processing by PagesController#home as HTML
  Rendering layout layouts/application.html.erb
  Rendering pages/home.html.erb within layouts/application
  Rendered pages/home.html.erb within layouts/application (Duration: 0.7ms | Allocations: 373)
  Rendered layout layouts/application.html.erb (Duration: 11.5ms | Allocations: 5720)
Completed 200 OK in 14ms (Views: 13.1ms | ActiveRecord: 0.0ms | Allocations: 6658)


Started GET "/" for ::1 at 2023-07-07 20:03:52 -0300
Processing by PagesController#home as HTML
  Rendering layout layouts/application.html.erb
  Rendering pages/home.html.erb within layouts/application
  Rendered pages/home.html.erb within layouts/application (Duration: 0.7ms | Allocations: 409)
  Rendered layout layouts/application.html.erb (Duration: 9.3ms | Allocations: 5984)
Completed 200 OK in 12ms (Views: 11.0ms | ActiveRecord: 0.0ms | Allocations: 7140)


Started GET "/users/new" for ::1 at 2023-07-07 20:04:45 -0300
Processing by UsersController#new as HTML
  Rendering layout layouts/application.html.erb
  Rendering users/new.html.erb within layouts/application
  Rendered users/_form.html.erb (Duration: 220.2ms | Allocations: 2819)
  Rendered users/new.html.erb within layouts/application (Duration: 221.6ms | Allocations: 3236)
  Rendered layout layouts/application.html.erb (Duration: 234.4ms | Allocations: 8335)
Completed 200 OK in 300ms (Views: 236.7ms | ActiveRecord: 1.0ms | Allocations: 26007)


Started GET "/trips" for ::1 at 2023-07-07 20:04:48 -0300
Processing by TripsController#index as HTML
  Rendering layout layouts/application.html.erb
  Rendering trips/index.html.erb within layouts/application
  [1m[36mTrip Load (0.9ms)[0m  [1m[34mSELECT "trips".* FROM "trips"[0m
  ↳ app/views/trips/index.html.erb:100
  Rendered trips/index.html.erb within layouts/application (Duration: 43.0ms | Allocations: 17558)
  Rendered layout layouts/application.html.erb (Duration: 53.2ms | Allocations: 22666)
Completed 200 OK in 57ms (Views: 54.8ms | ActiveRecord: 0.9ms | Allocations: 23745)


Started GET "/trips/new" for ::1 at 2023-07-07 20:04:53 -0300
Processing by TripsController#new as HTML
  Rendering layout layouts/application.html.erb
  Rendering trips/new.html.erb within layouts/application
  Rendered trips/_form.html.erb (Duration: 82.0ms | Allocations: 4252)
  Rendered trips/new.html.erb within layouts/application (Duration: 83.4ms | Allocations: 4583)
  Rendered layout layouts/application.html.erb (Duration: 90.2ms | Allocations: 9606)
Completed 200 OK in 92ms (Views: 90.9ms | ActiveRecord: 0.0ms | Allocations: 10071)


Started GET "/" for ::1 at 2023-07-07 20:05:45 -0300
Processing by PagesController#home as HTML
  Rendering layout layouts/application.html.erb
  Rendering pages/home.html.erb within layouts/application
  Rendered pages/home.html.erb within layouts/application (Duration: 1.5ms | Allocations: 407)
  Rendered layout layouts/application.html.erb (Duration: 10.9ms | Allocations: 5984)
Completed 200 OK in 14ms (Views: 12.9ms | ActiveRecord: 0.0ms | Allocations: 7150)


Started GET "/trips/new" for ::1 at 2023-07-07 20:05:47 -0300
Processing by TripsController#new as HTML
  Rendering layout layouts/application.html.erb
  Rendering trips/new.html.erb within layouts/application
  Rendered trips/_form.html.erb (Duration: 8.4ms | Allocations: 3337)
  Rendered trips/new.html.erb within layouts/application (Duration: 10.1ms | Allocations: 3714)
  Rendered layout layouts/application.html.erb (Duration: 18.1ms | Allocations: 8808)
Completed 200 OK in 21ms (Views: 20.3ms | ActiveRecord: 0.0ms | Allocations: 9773)


Started GET "/trips/new" for ::1 at 2023-07-07 20:06:33 -0300
Processing by TripsController#new as HTML
  Rendering layout layouts/application.html.erb
  Rendering trips/new.html.erb within layouts/application
  Rendered trips/_form.html.erb (Duration: 5.1ms | Allocations: 3371)
  Rendered trips/new.html.erb within layouts/application (Duration: 6.2ms | Allocations: 3733)
  Rendered layout layouts/application.html.erb (Duration: 16.7ms | Allocations: 9055)
Completed 200 OK in 20ms (Views: 19.5ms | ActiveRecord: 0.0ms | Allocations: 10222)


Started GET "/trips/new" for ::1 at 2023-07-07 20:07:15 -0300
Processing by TripsController#new as HTML
  Rendering layout layouts/application.html.erb
  Rendering trips/new.html.erb within layouts/application
  Rendered trips/_form.html.erb (Duration: 4.5ms | Allocations: 3311)
  Rendered trips/new.html.erb within layouts/application (Duration: 5.4ms | Allocations: 3673)
  Rendered layout layouts/application.html.erb (Duration: 14.5ms | Allocations: 8995)
Completed 200 OK in 17ms (Views: 16.4ms | ActiveRecord: 0.0ms | Allocations: 10162)


Started GET "/trips" for ::1 at 2023-07-07 20:07:17 -0300
Processing by TripsController#index as HTML
  Rendering layout layouts/application.html.erb
  Rendering trips/index.html.erb within layouts/application
  [1m[36mTrip Load (0.6ms)[0m  [1m[34mSELECT "trips".* FROM "trips"[0m
  ↳ app/views/trips/index.html.erb:100
  Rendered trips/index.html.erb within layouts/application (Duration: 31.9ms | Allocations: 17290)
  Rendered layout layouts/application.html.erb (Duration: 40.6ms | Allocations: 22195)
Completed 200 OK in 42ms (Views: 40.5ms | ActiveRecord: 0.6ms | Allocations: 22703)


Started GET "/" for ::1 at 2023-07-07 20:07:20 -0300
Processing by PagesController#home as HTML
  Rendering layout layouts/application.html.erb
  Rendering pages/home.html.erb within layouts/application
  Rendered pages/home.html.erb within layouts/application (Duration: 0.7ms | Allocations: 406)
  Rendered layout layouts/application.html.erb (Duration: 8.2ms | Allocations: 5749)
Completed 200 OK in 11ms (Views: 10.1ms | ActiveRecord: 0.0ms | Allocations: 6671)


